
> web@0.1.0 build
> next build

Γû▓ Next.js 16.1.6 (Turbopack)

node.exe : ΓÜá The 
"middleware" file convention 
is deprecated. Please use 
"proxy" instead. Learn more: h
ttps://nextjs.org/docs/message
s/middleware-to-proxy
At line:1 char:1
+ & "C:\Program 
Files\nodejs/node.exe" 
"C:\Program 
Files\nodejs/node_mo ...
+ ~~~~~~~~~~~~~~~~~~~~~~~~~~~~
~~~~~~~~~~~~~~~~~~~~~~~~~~~~~~
~~~~~~~~~~~
    + CategoryInfo          : 
    NotSpecified: (ΓÜá The "  
  middle...leware-to-proxy:   
 String) [], RemoteExcepti    
on
    + FullyQualifiedErrorId : 
    NativeCommandError
 
  Creating an optimized production build ...
Γ£ô Compiled successfully in 6.2s
  Running TypeScript ...
Failed to compile.

./src/app/agencies/page.tsx:80
:20
Type error: Cannot find name 
'Link'.

[0m [90m 78 |[39m          
      [33m<[39m[33m/[39m[
33mp[39m[33m>[39m
 [90m 79 |[39m              
  [33m<[39m[33mdiv[39m cla
ssName[33m=[39m[32m"pt-4"[
39m[33m>[39m
[31m[1m>[22m[39m[90m 80 
|[39m                   
[33m<[39m[33mLink[39m href
[33m=[39m[32m"/contact"[39
m className[33m=[39m[32m"na
v-cta-gold !px-8 
!py-4"[39m[33m>[39m
 [90m    |[39m              
      [31m[1m^[22m[39m
 [90m 81 |[39m              
       [33mInquire[39m 
about [33mPartnership[39m
 [90m 82 |[39m              
     [33m<[39m[33m/[39m[3
3mLink[39m[33m>[39m
 [90m 83 |[39m              
  [33m<[39m[33m/[39m[33md
iv[39m[33m>[39m[0m
Next.js build worker exited 
with code: 1 and signal: null
