ď»ż
> web@0.1.0 build
> next build

Î“Ă»â–“ Next.js 16.1.6 (Turbopack)

node.exe : Î“ĂśĂˇ The 
"middleware" file convention 
is deprecated. Please use 
"proxy" instead. Learn more: h
ttps://nextjs.org/docs/message
s/middleware-to-proxy
At line:1 char:1
+ & "C:\Program 
Files\nodejs/node.exe" 
"C:\Program 
Files\nodejs/node_mo ...
+ ~~~~~~~~~~~~~~~~~~~~~~~~~~~~
~~~~~~~~~~~~~~~~~~~~~~~~~~~~~~
~~~~~~~~~~~
    + CategoryInfo          : 
    NotSpecified: (Î“ĂśĂˇ The "  
  middle...leware-to-proxy:   
 String) [], RemoteExcepti    
on
    + FullyQualifiedErrorId : 
    NativeCommandError
 
  Creating an optimized production build ...
Î“ÂŁĂ´ Compiled successfully in 6.9s
  Running TypeScript ...
  Collecting page data using 3 workers ...
  Generating static pages using 3 workers (0/14) ...
  Generating static pages using 3 workers (3/14) 
  Generating static pages using 3 workers (6/14) 
  Generating static pages using 3 workers (10/14) 
Î“ÂŁĂ´ Generating static pages using 3 workers (14/14) in 422.4ms
  Finalizing page optimization ...

Route (app)
Î“Ă¶Ă® â•žĂ† /
Î“Ă¶ÂŁ Î“ĂąĂŻ /_not-found
Î“Ă¶ÂŁ Î“ĂąĂŻ /about
Î“Ă¶ÂŁ â•žĂ† /admin
Î“Ă¶ÂŁ â•žĂ† /admin-login
Î“Ă¶ÂŁ â•žĂ† /admin/blog
Î“Ă¶ÂŁ â•žĂ† /admin/blog/edit/[id]
Î“Ă¶ÂŁ Î“ĂąĂŻ /admin/blog/new
Î“Ă¶ÂŁ â•žĂ† /admin/leads
Î“Ă¶ÂŁ â•žĂ† /admin/properties
Î“Ă¶ÂŁ â•žĂ† /admin/properties/[id]/edit
Î“Ă¶ÂŁ â•žĂ† /admin/properties/new
Î“Ă¶ÂŁ Î“ĂąĂŻ /agencies
Î“Ă¶ÂŁ â•žĂ† /api/admin/properties
Î“Ă¶ÂŁ â•žĂ† /api/admin/properties/[id]
Î“Ă¶ÂŁ â•žĂ† /api/admin/uploads
Î“Ă¶ÂŁ â•žĂ† /api/leads
Î“Ă¶ÂŁ â•žĂ† /beachfront-property-diani
Î“Ă¶ÂŁ Î“ĂąĂŻ /blog
Î“Ă¶ÂŁ â•žĂ† /blog/[slug]
Î“Ă¶ÂŁ Î“ĂąĂŻ /contact
Î“Ă¶ÂŁ â•žĂ† /houses-for-sale-ukunda
Î“Ă¶ÂŁ Î“ĂąĂŻ /insights
Î“Ă¶ÂŁ â•žĂ† /land-for-sale-kwale
Î“Ă¶ÂŁ Î“ĂąĂŻ /neighborhoods
Î“Ă¶ÂŁ â•žĂ† /plots-for-sale-diani
Î“Ă¶ÂŁ â•žĂ† /properties
Î“Ă¶ÂŁ â•žĂ† /properties/[slug]
Î“Ă¶ÂŁ Î“ĂąĂŻ /robots.txt
Î“Ă¶ÂŁ Î“ĂąĂŻ /services
Î“Ă¶ÂŁ â•žĂ† /sitemap.xml
Î“Ă¶Ă¶ Î“ĂąĂŻ /valuation


â•žĂ† Proxy (Middleware)

Î“ĂąĂŻ  (Static)   prerendered as static content
â•žĂ†  (Dynamic)  server-rendered on demand

