
> web@0.1.0 build
> next build

Γû▓ Next.js 16.1.6 (Turbopack)

node.exe : ΓÜá The 
"middleware" file convention 
is deprecated. Please use 
"proxy" instead. Learn more: h
ttps://nextjs.org/docs/message
s/middleware-to-proxy
At line:1 char:1
+ & "C:\Program 
Files\nodejs/node.exe" 
"C:\Program 
Files\nodejs/node_mo ...
+ ~~~~~~~~~~~~~~~~~~~~~~~~~~~~
~~~~~~~~~~~~~~~~~~~~~~~~~~~~~~
~~~~~~~~~~~
    + CategoryInfo          : 
    NotSpecified: (ΓÜá The "  
  middle...leware-to-proxy:   
 String) [], RemoteExcepti    
on
    + FullyQualifiedErrorId : 
    NativeCommandError
 
  Creating an optimized production build ...
Γ£ô Compiled successfully in 6.2s
  Running TypeScript ...
Failed to compile.

./src/components/property-card
.tsx:6:15
Type error: Module 
'"@/lib/properties/service"' 
declares 'Property' locally, 
but it is not exported.

[0m [90m 4 |[39m 
[36mimport[39m 
[33mLink[39m [36mfrom[39m 
[32m"next/link"[39m[33m;[3
9m
 [90m 5 |[39m 
[36mimport[39m { 
formatKes[33m,[39m 
titleCase } [36mfrom[39m [3
2m"@/lib/format"[39m[33m;[3
9m
[31m[1m>[22m[39m[90m 6 
|[39m [36mimport[39m { 
type [33mProperty[39m } 
[36mfrom[39m [32m"@/lib/pro
perties/service"[39m[33m;[3
9m
 [90m   |[39m               
[31m[1m^[22m[39m
 [90m 7 |[39m
 [90m 8 |[39m 
[36minterface[39m 
[33mPropertyCardProps[39m {
 [90m 9 |[39m   
property[33m:[39m [33mPrope
rty[39m[33m;[39m[0m
Next.js build worker exited 
with code: 1 and signal: null
